build/app/intermediates/manifest_merge_blame_file/debug/manifest-merger-blame-debug-report.txt
1<?xml version="1.0" encoding="utf-8"?>
2<manifest xmlns:android="http://schemas.android.com/apk/res/android"
3    package="com.example.mero_futsal"
4    android:versionCode="1"
5    android:versionName="1.0.0" >
6
7    <uses-sdk
8        android:minSdkVersion="20"
9        android:targetSdkVersion="31" />
10    <!--
11         Flutter needs it to communicate with the running application
12         to allow setting breakpoints, to provide hot reload, etc.
13    -->
14    <uses-permission android:name="android.permission.INTERNET" />
14-->src\debug\AndroidManifest.xml:6:5-67
14-->src\debug\AndroidManifest.xml:6:22-64
15    <uses-permission android:name="android.permission.ACCESS_COARSE_LOCATION" />
15-->[:location] AndroidManifest.xml:7:5-81
15-->[:location] AndroidManifest.xml:7:22-78
16    <uses-permission android:name="android.permission.ACCESS_FINE_LOCATION" /> <!-- Include required permissions for Google Maps API to run. -->
16-->[:location] AndroidManifest.xml:8:5-79
16-->[:location] AndroidManifest.xml:8:22-76
17    <uses-permission android:name="android.permission.ACCESS_NETWORK_STATE" />
17-->[com.google.android.gms:play-services-maps:17.0.0] AndroidManifest.xml:23:5-79
17-->[com.google.android.gms:play-services-maps:17.0.0] AndroidManifest.xml:23:22-76
18
19    <uses-feature
19-->[com.google.android.gms:play-services-maps:17.0.0] AndroidManifest.xml:26:5-28:35
20        android:glEsVersion="0x00020000"
20-->[com.google.android.gms:play-services-maps:17.0.0] AndroidManifest.xml:27:9-41
21        android:required="true" />
21-->[com.google.android.gms:play-services-maps:17.0.0] AndroidManifest.xml:28:9-32
22
23    <application
23-->src\main\AndroidManifest.xml:4:5-49:19
24        android:appComponentFactory="androidx.core.app.CoreComponentFactory"
24-->[androidx.core:core:1.6.0] AndroidManifest.xml:24:18-86
25        android:debuggable="true"
26        android:icon="@mipmap/ic_launcher"
26-->src\main\AndroidManifest.xml:5:9-43
27        android:label="mero_futsal" >
27-->src\main\AndroidManifest.xml:6:9-36
28        <activity
28-->src\main\AndroidManifest.xml:7:9-40:20
29            android:name="com.example.mero_futsal.MainActivity"
29-->src\main\AndroidManifest.xml:8:13-41
30            android:configChanges="orientation|keyboardHidden|keyboard|screenSize|smallestScreenSize|locale|layoutDirection|fontScale|screenLayout|density|uiMode"
30-->src\main\AndroidManifest.xml:9:13-163
31            android:hardwareAccelerated="true"
31-->src\main\AndroidManifest.xml:10:13-47
32            android:launchMode="singleTop"
32-->src\main\AndroidManifest.xml:11:13-43
33            android:theme="@style/LaunchTheme"
33-->src\main\AndroidManifest.xml:12:13-47
34            android:windowSoftInputMode="adjustResize" >
34-->src\main\AndroidManifest.xml:13:13-55
35
36            <!--
37                 Specifies an Android theme to apply to this Activity as soon as
38                 the Android process has started. This theme is visible to the user
39                 while the Flutter UI initializes. After that, this theme continues
40                 to determine the Window background behind the Flutter UI.
41            -->
42            <meta-data
42-->src\main\AndroidManifest.xml:18:13-20:57
43                android:name="io.flutter.embedding.android.NormalTheme"
43-->src\main\AndroidManifest.xml:19:17-72
44                android:resource="@style/NormalTheme" />
44-->src\main\AndroidManifest.xml:20:17-54
45            <!--
46                 Displays an Android View that continues showing the launch screen
47                 Drawable until Flutter paints its first frame, then this splash
48                 screen fades out. A splash screen is useful to avoid any visual
49                 gap between the end of Android's launch screen and the painting of
50                 Flutter's first frame.
51            -->
52            <meta-data
52-->src\main\AndroidManifest.xml:26:13-90
53                android:name="flutter_deeplinking_enabled"
53-->src\main\AndroidManifest.xml:26:24-66
54                android:value="true" />
54-->src\main\AndroidManifest.xml:26:67-87
55
56            <intent-filter android:autoVerify="true" >
56-->src\main\AndroidManifest.xml:27:13-32:29
56-->src\main\AndroidManifest.xml:27:28-53
57                <action android:name="android.intent.action.VIEW" />
57-->src\main\AndroidManifest.xml:28:17-69
57-->src\main\AndroidManifest.xml:28:25-66
58
59                <category android:name="android.intent.category.DEFAULT" />
59-->src\main\AndroidManifest.xml:29:17-76
59-->src\main\AndroidManifest.xml:29:27-73
60                <category android:name="android.intent.category.BROWSABLE" />
60-->src\main\AndroidManifest.xml:30:17-78
60-->src\main\AndroidManifest.xml:30:27-75
61
62                <data
62-->src\main\AndroidManifest.xml:31:17-85
63                    android:host="com.example.mero_futsal"
63-->src\main\AndroidManifest.xml:31:44-82
64                    android:scheme="kpg" />
64-->src\main\AndroidManifest.xml:31:23-43
65            </intent-filter>
66
67            <meta-data
67-->src\main\AndroidManifest.xml:33:13-35:66
68                android:name="io.flutter.embedding.android.SplashScreenDrawable"
68-->src\main\AndroidManifest.xml:34:17-81
69                android:resource="@drawable/launch_background" />
69-->src\main\AndroidManifest.xml:35:17-63
70
71            <intent-filter>
71-->src\main\AndroidManifest.xml:36:13-39:29
72                <action android:name="android.intent.action.MAIN" />
72-->src\main\AndroidManifest.xml:37:17-69
72-->src\main\AndroidManifest.xml:37:25-66
73
74                <category android:name="android.intent.category.LAUNCHER" />
74-->src\main\AndroidManifest.xml:38:17-77
74-->src\main\AndroidManifest.xml:38:27-74
75            </intent-filter>
76        </activity>
77        <!--
78             Don't delete the meta-data below.
79             This is used by the Flutter tool to generate GeneratedPluginRegistrant.java
80        -->
81        <meta-data
81-->src\main\AndroidManifest.xml:43:9-45:33
82            android:name="flutterEmbedding"
82-->src\main\AndroidManifest.xml:44:13-44
83            android:value="2" />
83-->src\main\AndroidManifest.xml:45:13-30
84        <meta-data
84-->src\main\AndroidManifest.xml:46:9-48:71
85            android:name="com.google.android.geo.API_KEY"
85-->src\main\AndroidManifest.xml:47:13-58
86            android:value="AIzaSyCghlJha0ETzUqLp2X7NAP_TedjUK5W-Rc" />
86-->src\main\AndroidManifest.xml:48:13-68
87
88        <provider
88-->[:image_picker] AndroidManifest.xml:8:9-16:20
89            android:name="io.flutter.plugins.imagepicker.ImagePickerFileProvider"
89-->[:image_picker] AndroidManifest.xml:9:13-82
90            android:authorities="com.example.mero_futsal.flutter.image_provider"
90-->[:image_picker] AndroidManifest.xml:10:13-74
91            android:exported="false"
91-->[:image_picker] AndroidManifest.xml:11:13-37
92            android:grantUriPermissions="true" >
92-->[:image_picker] AndroidManifest.xml:12:13-47
93            <meta-data
93-->[:image_picker] AndroidManifest.xml:13:13-15:75
94                android:name="android.support.FILE_PROVIDER_PATHS"
94-->[:image_picker] AndroidManifest.xml:14:17-67
95                android:resource="@xml/flutter_image_picker_file_paths" />
95-->[:image_picker] AndroidManifest.xml:15:17-72
96        </provider>
97
98        <activity
98-->[:url_launcher_android] AndroidManifest.xml:8:9-11:74
99            android:name="io.flutter.plugins.urllauncher.WebViewActivity"
99-->[:url_launcher_android] AndroidManifest.xml:9:13-74
100            android:exported="false"
100-->[:url_launcher_android] AndroidManifest.xml:10:13-37
101            android:theme="@android:style/Theme.NoTitleBar.Fullscreen" />
101-->[:url_launcher_android] AndroidManifest.xml:11:13-71
102
103        <service
103-->[:location] AndroidManifest.xml:11:9-15:56
104            android:name="com.lyokone.location.FlutterLocationService"
104-->[:location] AndroidManifest.xml:12:13-71
105            android:enabled="true"
105-->[:location] AndroidManifest.xml:13:13-35
106            android:exported="false"
106-->[:location] AndroidManifest.xml:14:13-37
107            android:foregroundServiceType="location" />
107-->[:location] AndroidManifest.xml:15:13-53
108
109        <uses-library
109-->[androidx.window:window:1.0.0-beta04] AndroidManifest.xml:25:9-27:40
110            android:name="androidx.window.extensions"
110-->[androidx.window:window:1.0.0-beta04] AndroidManifest.xml:26:13-54
111            android:required="false" />
111-->[androidx.window:window:1.0.0-beta04] AndroidManifest.xml:27:13-37
112        <uses-library
112-->[androidx.window:window:1.0.0-beta04] AndroidManifest.xml:28:9-30:40
113            android:name="androidx.window.sidecar"
113-->[androidx.window:window:1.0.0-beta04] AndroidManifest.xml:29:13-51
114            android:required="false" /> <!-- Needs to be explicitly declared on P+ -->
114-->[androidx.window:window:1.0.0-beta04] AndroidManifest.xml:30:13-37
115        <uses-library
115-->[com.google.android.gms:play-services-maps:17.0.0] AndroidManifest.xml:33:9-35:40
116            android:name="org.apache.http.legacy"
116-->[com.google.android.gms:play-services-maps:17.0.0] AndroidManifest.xml:34:13-50
117            android:required="false" />
117-->[com.google.android.gms:play-services-maps:17.0.0] AndroidManifest.xml:35:13-37
118
119        <activity
119-->[com.google.android.gms:play-services-base:17.0.0] AndroidManifest.xml:23:9-26:75
120            android:name="com.google.android.gms.common.api.GoogleApiActivity"
120-->[com.google.android.gms:play-services-base:17.0.0] AndroidManifest.xml:24:13-79
121            android:exported="false"
121-->[com.google.android.gms:play-services-base:17.0.0] AndroidManifest.xml:25:13-37
122            android:theme="@android:style/Theme.Translucent.NoTitleBar" />
122-->[com.google.android.gms:play-services-base:17.0.0] AndroidManifest.xml:26:13-72
123
124        <meta-data
124-->[com.google.android.gms:play-services-basement:17.0.0] AndroidManifest.xml:23:9-25:69
125            android:name="com.google.android.gms.version"
125-->[com.google.android.gms:play-services-basement:17.0.0] AndroidManifest.xml:24:13-58
126            android:value="@integer/google_play_services_version" />
126-->[com.google.android.gms:play-services-basement:17.0.0] AndroidManifest.xml:25:13-66
127    </application>
128
129</manifest>